<?xml version="1.0" encoding="UTF-8"?>
<testsuite xmlns:xsi="http://www.w3.org/2001/XMLSchema-instance" xsi:noNamespaceSchemaLocation="https://maven.apache.org/surefire/maven-surefire-plugin/xsd/surefire-test-report.xsd" name="edu.brown.cs.voice2text.Voice2TextTest" time="0" tests="1" errors="0" skipped="0" failures="0">
  <properties>
    <property name="java.specification.version" value="14"/>
    <property name="sun.jnu.encoding" value="UTF-8"/>
    <property name="java.class.path" value="/Users/rashidhar/Documents/Speech-Based-Code-Editor-Project/voice2text/target/test-classes:/Users/rashidhar/Documents/Speech-Based-Code-Editor-Project/voice2text/target/classes:/Users/rashidhar/.m2/repository/junit/junit/4.11/junit-4.11.jar:/Users/rashidhar/.m2/repository/org/hamcrest/hamcrest-core/1.3/hamcrest-core-1.3.jar:/Users/rashidhar/.m2/repository/com/google/cloud/google-cloud-speech/1.24.2/google-cloud-speech-1.24.2.jar:/Users/rashidhar/.m2/repository/com/google/api/grpc/proto-google-cloud-speech-v1p1beta1/0.77.2/proto-google-cloud-speech-v1p1beta1-0.77.2.jar:/Users/rashidhar/.m2/repository/com/google/api/grpc/proto-google-cloud-speech-v1/1.24.2/proto-google-cloud-speech-v1-1.24.2.jar:/Users/rashidhar/.m2/repository/com/google/api/api-common/1.10.0/api-common-1.10.0.jar:/Users/rashidhar/.m2/repository/com/google/code/findbugs/jsr305/3.0.2/jsr305-3.0.2.jar:/Users/rashidhar/.m2/repository/javax/annotation/javax.annotation-api/1.3.2/javax.annotation-api-1.3.2.jar:/Users/rashidhar/.m2/repository/com/google/auto/value/auto-value-annotations/1.7.2/auto-value-annotations-1.7.2.jar:/Users/rashidhar/.m2/repository/com/google/guava/guava/29.0-android/guava-29.0-android.jar:/Users/rashidhar/.m2/repository/com/google/guava/failureaccess/1.0.1/failureaccess-1.0.1.jar:/Users/rashidhar/.m2/repository/com/google/guava/listenablefuture/9999.0-empty-to-avoid-conflict-with-guava/listenablefuture-9999.0-empty-to-avoid-conflict-with-guava.jar:/Users/rashidhar/.m2/repository/org/checkerframework/checker-compat-qual/2.5.5/checker-compat-qual-2.5.5.jar:/Users/rashidhar/.m2/repository/com/google/errorprone/error_prone_annotations/2.4.0/error_prone_annotations-2.4.0.jar:/Users/rashidhar/.m2/repository/com/google/j2objc/j2objc-annotations/1.3/j2objc-annotations-1.3.jar:/Users/rashidhar/.m2/repository/io/grpc/grpc-api/1.32.1/grpc-api-1.32.1.jar:/Users/rashidhar/.m2/repository/io/grpc/grpc-context/1.32.1/grpc-context-1.32.1.jar:/Users/rashidhar/.m2/repository/org/codehaus/mojo/animal-sniffer-annotations/1.19/animal-sniffer-annotations-1.19.jar:/Users/rashidhar/.m2/repository/io/grpc/grpc-stub/1.32.1/grpc-stub-1.32.1.jar:/Users/rashidhar/.m2/repository/io/grpc/grpc-protobuf/1.32.1/grpc-protobuf-1.32.1.jar:/Users/rashidhar/.m2/repository/io/grpc/grpc-protobuf-lite/1.32.1/grpc-protobuf-lite-1.32.1.jar:/Users/rashidhar/.m2/repository/com/google/protobuf/protobuf-java/3.13.0/protobuf-java-3.13.0.jar:/Users/rashidhar/.m2/repository/com/google/api/grpc/proto-google-common-protos/1.18.1/proto-google-common-protos-1.18.1.jar:/Users/rashidhar/.m2/repository/com/google/api/gax/1.59.0/gax-1.59.0.jar:/Users/rashidhar/.m2/repository/com/google/auth/google-auth-library-oauth2-http/0.21.1/google-auth-library-oauth2-http-0.21.1.jar:/Users/rashidhar/.m2/repository/com/google/http-client/google-http-client/1.36.0/google-http-client-1.36.0.jar:/Users/rashidhar/.m2/repository/org/apache/httpcomponents/httpclient/4.5.12/httpclient-4.5.12.jar:/Users/rashidhar/.m2/repository/commons-logging/commons-logging/1.2/commons-logging-1.2.jar:/Users/rashidhar/.m2/repository/commons-codec/commons-codec/1.11/commons-codec-1.11.jar:/Users/rashidhar/.m2/repository/org/apache/httpcomponents/httpcore/4.4.13/httpcore-4.4.13.jar:/Users/rashidhar/.m2/repository/io/opencensus/opencensus-contrib-http-util/0.24.0/opencensus-contrib-http-util-0.24.0.jar:/Users/rashidhar/.m2/repository/com/google/http-client/google-http-client-jackson2/1.36.0/google-http-client-jackson2-1.36.0.jar:/Users/rashidhar/.m2/repository/com/fasterxml/jackson/core/jackson-core/2.11.1/jackson-core-2.11.1.jar:/Users/rashidhar/.m2/repository/io/opencensus/opencensus-api/0.24.0/opencensus-api-0.24.0.jar:/Users/rashidhar/.m2/repository/com/google/api/gax-grpc/1.59.0/gax-grpc-1.59.0.jar:/Users/rashidhar/.m2/repository/io/grpc/grpc-auth/1.32.1/grpc-auth-1.32.1.jar:/Users/rashidhar/.m2/repository/com/google/auth/google-auth-library-credentials/0.21.1/google-auth-library-credentials-0.21.1.jar:/Users/rashidhar/.m2/repository/io/grpc/grpc-netty-shaded/1.32.1/grpc-netty-shaded-1.32.1.jar:/Users/rashidhar/.m2/repository/io/grpc/grpc-core/1.32.1/grpc-core-1.32.1.jar:/Users/rashidhar/.m2/repository/com/google/code/gson/gson/2.8.6/gson-2.8.6.jar:/Users/rashidhar/.m2/repository/com/google/android/annotations/4.1.1.4/annotations-4.1.1.4.jar:/Users/rashidhar/.m2/repository/io/perfmark/perfmark-api/0.19.0/perfmark-api-0.19.0.jar:/Users/rashidhar/.m2/repository/io/grpc/grpc-alts/1.32.1/grpc-alts-1.32.1.jar:/Users/rashidhar/.m2/repository/io/grpc/grpc-grpclb/1.32.1/grpc-grpclb-1.32.1.jar:/Users/rashidhar/.m2/repository/com/google/protobuf/protobuf-java-util/3.13.0/protobuf-java-util-3.13.0.jar:/Users/rashidhar/.m2/repository/org/apache/commons/commons-lang3/3.5/commons-lang3-3.5.jar:/Users/rashidhar/.m2/repository/org/conscrypt/conscrypt-openjdk-uber/2.2.1/conscrypt-openjdk-uber-2.2.1.jar:/Users/rashidhar/.m2/repository/org/threeten/threetenbp/1.4.4/threetenbp-1.4.4.jar:"/>
    <property name="java.vm.vendor" value="Oracle Corporation"/>
    <property name="sun.arch.data.model" value="64"/>
    <property name="java.vendor.url" value="https://java.oracle.com/"/>
    <property name="descriptorId" value="jar-with-dependencies"/>
    <property name="os.name" value="Mac OS X"/>
    <property name="java.vm.specification.version" value="14"/>
    <property name="sun.java.launcher" value="SUN_STANDARD"/>
    <property name="user.country" value="US"/>
    <property name="sun.boot.library.path" value="/Library/Java/JavaVirtualMachines/jdk-14.0.2.jdk/Contents/Home/lib"/>
    <property name="sun.java.command" value="/Users/rashidhar/Documents/Speech-Based-Code-Editor-Project/voice2text/target/surefire/surefirebooter14236337851077620129.jar /Users/rashidhar/Documents/Speech-Based-Code-Editor-Project/voice2text/target/surefire 2020-11-04T13-58-04_982-jvmRun1 surefire2560183340475808273tmp surefire_05270125053348100080tmp"/>
    <property name="http.nonProxyHosts" value="local|*.local|169.254/16|*.169.254/16"/>
    <property name="jdk.debug" value="release"/>
    <property name="surefire.test.class.path" value="/Users/rashidhar/Documents/Speech-Based-Code-Editor-Project/voice2text/target/test-classes:/Users/rashidhar/Documents/Speech-Based-Code-Editor-Project/voice2text/target/classes:/Users/rashidhar/.m2/repository/junit/junit/4.11/junit-4.11.jar:/Users/rashidhar/.m2/repository/org/hamcrest/hamcrest-core/1.3/hamcrest-core-1.3.jar:/Users/rashidhar/.m2/repository/com/google/cloud/google-cloud-speech/1.24.2/google-cloud-speech-1.24.2.jar:/Users/rashidhar/.m2/repository/com/google/api/grpc/proto-google-cloud-speech-v1p1beta1/0.77.2/proto-google-cloud-speech-v1p1beta1-0.77.2.jar:/Users/rashidhar/.m2/repository/com/google/api/grpc/proto-google-cloud-speech-v1/1.24.2/proto-google-cloud-speech-v1-1.24.2.jar:/Users/rashidhar/.m2/repository/com/google/api/api-common/1.10.0/api-common-1.10.0.jar:/Users/rashidhar/.m2/repository/com/google/code/findbugs/jsr305/3.0.2/jsr305-3.0.2.jar:/Users/rashidhar/.m2/repository/javax/annotation/javax.annotation-api/1.3.2/javax.annotation-api-1.3.2.jar:/Users/rashidhar/.m2/repository/com/google/auto/value/auto-value-annotations/1.7.2/auto-value-annotations-1.7.2.jar:/Users/rashidhar/.m2/repository/com/google/guava/guava/29.0-android/guava-29.0-android.jar:/Users/rashidhar/.m2/repository/com/google/guava/failureaccess/1.0.1/failureaccess-1.0.1.jar:/Users/rashidhar/.m2/repository/com/google/guava/listenablefuture/9999.0-empty-to-avoid-conflict-with-guava/listenablefuture-9999.0-empty-to-avoid-conflict-with-guava.jar:/Users/rashidhar/.m2/repository/org/checkerframework/checker-compat-qual/2.5.5/checker-compat-qual-2.5.5.jar:/Users/rashidhar/.m2/repository/com/google/errorprone/error_prone_annotations/2.4.0/error_prone_annotations-2.4.0.jar:/Users/rashidhar/.m2/repository/com/google/j2objc/j2objc-annotations/1.3/j2objc-annotations-1.3.jar:/Users/rashidhar/.m2/repository/io/grpc/grpc-api/1.32.1/grpc-api-1.32.1.jar:/Users/rashidhar/.m2/repository/io/grpc/grpc-context/1.32.1/grpc-context-1.32.1.jar:/Users/rashidhar/.m2/repository/org/codehaus/mojo/animal-sniffer-annotations/1.19/animal-sniffer-annotations-1.19.jar:/Users/rashidhar/.m2/repository/io/grpc/grpc-stub/1.32.1/grpc-stub-1.32.1.jar:/Users/rashidhar/.m2/repository/io/grpc/grpc-protobuf/1.32.1/grpc-protobuf-1.32.1.jar:/Users/rashidhar/.m2/repository/io/grpc/grpc-protobuf-lite/1.32.1/grpc-protobuf-lite-1.32.1.jar:/Users/rashidhar/.m2/repository/com/google/protobuf/protobuf-java/3.13.0/protobuf-java-3.13.0.jar:/Users/rashidhar/.m2/repository/com/google/api/grpc/proto-google-common-protos/1.18.1/proto-google-common-protos-1.18.1.jar:/Users/rashidhar/.m2/repository/com/google/api/gax/1.59.0/gax-1.59.0.jar:/Users/rashidhar/.m2/repository/com/google/auth/google-auth-library-oauth2-http/0.21.1/google-auth-library-oauth2-http-0.21.1.jar:/Users/rashidhar/.m2/repository/com/google/http-client/google-http-client/1.36.0/google-http-client-1.36.0.jar:/Users/rashidhar/.m2/repository/org/apache/httpcomponents/httpclient/4.5.12/httpclient-4.5.12.jar:/Users/rashidhar/.m2/repository/commons-logging/commons-logging/1.2/commons-logging-1.2.jar:/Users/rashidhar/.m2/repository/commons-codec/commons-codec/1.11/commons-codec-1.11.jar:/Users/rashidhar/.m2/repository/org/apache/httpcomponents/httpcore/4.4.13/httpcore-4.4.13.jar:/Users/rashidhar/.m2/repository/io/opencensus/opencensus-contrib-http-util/0.24.0/opencensus-contrib-http-util-0.24.0.jar:/Users/rashidhar/.m2/repository/com/google/http-client/google-http-client-jackson2/1.36.0/google-http-client-jackson2-1.36.0.jar:/Users/rashidhar/.m2/repository/com/fasterxml/jackson/core/jackson-core/2.11.1/jackson-core-2.11.1.jar:/Users/rashidhar/.m2/repository/io/opencensus/opencensus-api/0.24.0/opencensus-api-0.24.0.jar:/Users/rashidhar/.m2/repository/com/google/api/gax-grpc/1.59.0/gax-grpc-1.59.0.jar:/Users/rashidhar/.m2/repository/io/grpc/grpc-auth/1.32.1/grpc-auth-1.32.1.jar:/Users/rashidhar/.m2/repository/com/google/auth/google-auth-library-credentials/0.21.1/google-auth-library-credentials-0.21.1.jar:/Users/rashidhar/.m2/repository/io/grpc/grpc-netty-shaded/1.32.1/grpc-netty-shaded-1.32.1.jar:/Users/rashidhar/.m2/repository/io/grpc/grpc-core/1.32.1/grpc-core-1.32.1.jar:/Users/rashidhar/.m2/repository/com/google/code/gson/gson/2.8.6/gson-2.8.6.jar:/Users/rashidhar/.m2/repository/com/google/android/annotations/4.1.1.4/annotations-4.1.1.4.jar:/Users/rashidhar/.m2/repository/io/perfmark/perfmark-api/0.19.0/perfmark-api-0.19.0.jar:/Users/rashidhar/.m2/repository/io/grpc/grpc-alts/1.32.1/grpc-alts-1.32.1.jar:/Users/rashidhar/.m2/repository/io/grpc/grpc-grpclb/1.32.1/grpc-grpclb-1.32.1.jar:/Users/rashidhar/.m2/repository/com/google/protobuf/protobuf-java-util/3.13.0/protobuf-java-util-3.13.0.jar:/Users/rashidhar/.m2/repository/org/apache/commons/commons-lang3/3.5/commons-lang3-3.5.jar:/Users/rashidhar/.m2/repository/org/conscrypt/conscrypt-openjdk-uber/2.2.1/conscrypt-openjdk-uber-2.2.1.jar:/Users/rashidhar/.m2/repository/org/threeten/threetenbp/1.4.4/threetenbp-1.4.4.jar:"/>
    <property name="sun.cpu.endian" value="little"/>
    <property name="user.home" value="/Users/rashidhar"/>
    <property name="user.language" value="en"/>
    <property name="java.specification.vendor" value="Oracle Corporation"/>
    <property name="java.version.date" value="2020-07-14"/>
    <property name="java.home" value="/Library/Java/JavaVirtualMachines/jdk-14.0.2.jdk/Contents/Home"/>
    <property name="file.separator" value="/"/>
    <property name="basedir" value="/Users/rashidhar/Documents/Speech-Based-Code-Editor-Project/voice2text"/>
    <property name="java.vm.compressedOopsMode" value="Zero based"/>
    <property name="line.separator" value="&#10;"/>
    <property name="java.specification.name" value="Java Platform API Specification"/>
    <property name="java.vm.specification.vendor" value="Oracle Corporation"/>
    <property name="surefire.real.class.path" value="/Users/rashidhar/Documents/Speech-Based-Code-Editor-Project/voice2text/target/surefire/surefirebooter14236337851077620129.jar"/>
    <property name="sun.management.compiler" value="HotSpot 64-Bit Tiered Compilers"/>
    <property name="ftp.nonProxyHosts" value="local|*.local|169.254/16|*.169.254/16"/>
    <property name="java.runtime.version" value="14.0.2+12-46"/>
    <property name="user.name" value="rashidhar"/>
    <property name="path.separator" value=":"/>
    <property name="os.version" value="10.15.7"/>
    <property name="java.runtime.name" value="Java(TM) SE Runtime Environment"/>
    <property name="file.encoding" value="UTF-8"/>
    <property name="java.vm.name" value="Java HotSpot(TM) 64-Bit Server VM"/>
    <property name="localRepository" value="/Users/rashidhar/.m2/repository"/>
    <property name="java.vendor.url.bug" value="https://bugreport.java.com/bugreport/"/>
    <property name="java.io.tmpdir" value="/var/folders/x0/k000mw292mjfdst9ps4_xhcc0000gn/T/"/>
    <property name="java.version" value="14.0.2"/>
    <property name="user.dir" value="/Users/rashidhar/Documents/Speech-Based-Code-Editor-Project/voice2text"/>
    <property name="os.arch" value="x86_64"/>
    <property name="java.vm.specification.name" value="Java Virtual Machine Specification"/>
    <property name="java.library.path" value="/Users/rashidhar/Library/Java/Extensions:/Library/Java/Extensions:/Network/Library/Java/Extensions:/System/Library/Java/Extensions:/usr/lib/java:."/>
    <property name="java.vm.info" value="mixed mode, sharing"/>
    <property name="java.vendor" value="Oracle Corporation"/>
    <property name="java.vm.version" value="14.0.2+12-46"/>
    <property name="sun.io.unicode.encoding" value="UnicodeBig"/>
    <property name="socksNonProxyHosts" value="local|*.local|169.254/16|*.169.254/16"/>
    <property name="java.class.version" value="58.0"/>
  </properties>
  <testcase name="shouldAnswerWithTrue" classname="edu.brown.cs.voice2text.Voice2TextTest" time="0"/>
</testsuite>